<?xml version="1.0" encoding="UTF-8"?>
<!-- Generated by org.testng.reporters.JUnitXMLReporter -->
<testsuite ignored="0" hostname="LAPTOP-S8KVD42F" failures="0" tests="3" name="Repo Test" time="1.043" errors="0" timestamp="2023-11-03T15:22:07 GMT-04:00">
  <testcase classname="extentreports.RegisterReporter" name="Register" time="0.015"/>
  <testcase classname="extentreports.LoginReporter" name="Login" time="0.001"/>
  <testcase classname="extentreports.SearchReporter" name="Search" time="0.004"/>
</testsuite> <!-- Repo Test -->
